<?xml version="1.0" encoding="UTF-8"?>
<!-- Generated by org.testng.reporters.JUnitReportReporter -->
<testsuite name="com.qa.newtours.tests.BookFlightTest" tests="15" time="65.525" ignored="0" failures="0" timestamp="23 Jul 2021 12:39:06 GMT" skipped="0" hostname="rohit-laptop" errors="0">
  <testcase name="registrationPageTest" time="8.391" classname="com.qa.newtours.tests.BookFlightTest"/>
  <testcase name="findFlightPageTest" time="3.864" classname="com.qa.newtours.tests.BookFlightTest"/>
  <testcase name="flightConfirmationPageTest" time="2.930" classname="com.qa.newtours.tests.BookFlightTest"/>
  <testcase name="flightConfirmationPageTest" time="3.069" classname="com.qa.newtours.tests.BookFlightTest"/>
  <testcase name="findFlightPageTest" time="4.779" classname="com.qa.newtours.tests.BookFlightTest"/>
  <testcase name="flightDetailsPageTest" time="6.030" classname="com.qa.newtours.tests.BookFlightTest"/>
  <testcase name="registerConfirmationPageTest" time="1.274" classname="com.qa.newtours.tests.BookFlightTest"/>
  <testcase name="findFlightPageTest" time="3.820" classname="com.qa.newtours.tests.BookFlightTest"/>
  <testcase name="registerConfirmationPageTest" time="1.561" classname="com.qa.newtours.tests.BookFlightTest"/>
  <testcase name="flightDetailsPageTest" time="5.331" classname="com.qa.newtours.tests.BookFlightTest"/>
  <testcase name="registrationPageTest" time="7.966" classname="com.qa.newtours.tests.BookFlightTest"/>
  <testcase name="flightDetailsPageTest" time="4.982" classname="com.qa.newtours.tests.BookFlightTest"/>
  <testcase name="registerConfirmationPageTest" time="1.449" classname="com.qa.newtours.tests.BookFlightTest"/>
  <testcase name="flightConfirmationPageTest" time="2.913" classname="com.qa.newtours.tests.BookFlightTest"/>
  <testcase name="registrationPageTest" time="7.166" classname="com.qa.newtours.tests.BookFlightTest"/>
</testsuite> <!-- com.qa.newtours.tests.BookFlightTest -->
