<?xml version="1.0" encoding="UTF-8"?>
<!-- Generated by org.testng.reporters.JUnitReportReporter -->
<testsuite name="com.qa.newtours.tests.BookFlightTest" tests="15" time="58.646" ignored="0" failures="0" timestamp="13 Jul 2021 09:07:50 GMT" skipped="0" hostname="rohit-laptop" errors="0">
  <testcase name="registrationPageTest" time="18.080" classname="com.qa.newtours.tests.BookFlightTest"/>
  <testcase name="registrationPageTest" time="15.606" classname="com.qa.newtours.tests.BookFlightTest"/>
  <testcase name="findFlightPageTest" time="0.721" classname="com.qa.newtours.tests.BookFlightTest"/>
  <testcase name="registrationPageTest" time="15.448" classname="com.qa.newtours.tests.BookFlightTest"/>
  <testcase name="registerConfirmationPageTest" time="0.259" classname="com.qa.newtours.tests.BookFlightTest"/>
  <testcase name="flightDetailsPageTest" time="1.809" classname="com.qa.newtours.tests.BookFlightTest"/>
  <testcase name="flightDetailsPageTest" time="1.685" classname="com.qa.newtours.tests.BookFlightTest"/>
  <testcase name="findFlightPageTest" time="0.716" classname="com.qa.newtours.tests.BookFlightTest"/>
  <testcase name="registerConfirmationPageTest" time="0.258" classname="com.qa.newtours.tests.BookFlightTest"/>
  <testcase name="flightConfirmationPageTest" time="0.457" classname="com.qa.newtours.tests.BookFlightTest"/>
  <testcase name="findFlightPageTest" time="0.686" classname="com.qa.newtours.tests.BookFlightTest"/>
  <testcase name="flightDetailsPageTest" time="1.915" classname="com.qa.newtours.tests.BookFlightTest"/>
  <testcase name="flightConfirmationPageTest" time="0.422" classname="com.qa.newtours.tests.BookFlightTest"/>
  <testcase name="flightConfirmationPageTest" time="0.394" classname="com.qa.newtours.tests.BookFlightTest"/>
  <testcase name="registerConfirmationPageTest" time="0.190" classname="com.qa.newtours.tests.BookFlightTest"/>
</testsuite> <!-- com.qa.newtours.tests.BookFlightTest -->
