<?xml version="1.0" encoding="UTF-8"?>
<!-- Generated by org.testng.reporters.JUnitReportReporter -->
<testsuite name="com.qa.seachmodule.tests.SearchTest" tests="5" time="48.662" ignored="0" failures="0" timestamp="14 Jul 2021 11:14:14 GMT" skipped="0" hostname="rohit-laptop" errors="0">
  <testcase name="search" time="9.110" classname="com.qa.seachmodule.tests.SearchTest"/>
  <testcase name="search" time="9.665" classname="com.qa.seachmodule.tests.SearchTest"/>
  <testcase name="search" time="9.206" classname="com.qa.seachmodule.tests.SearchTest"/>
  <testcase name="search" time="11.180" classname="com.qa.seachmodule.tests.SearchTest"/>
  <testcase name="search" time="9.501" classname="com.qa.seachmodule.tests.SearchTest"/>
</testsuite> <!-- com.qa.seachmodule.tests.SearchTest -->
