<?xml version="1.0" encoding="UTF-8"?>
<!-- Generated by org.testng.reporters.JUnitReportReporter -->
<testsuite name="com.qa.seachmodule.tests.SearchTest" tests="5" time="54.200" ignored="0" failures="0" timestamp="13 Jul 2021 09:07:50 GMT" skipped="0" hostname="rohit-laptop" errors="0">
  <testcase name="search" time="13.056" classname="com.qa.seachmodule.tests.SearchTest"/>
  <testcase name="search" time="10.361" classname="com.qa.seachmodule.tests.SearchTest"/>
  <testcase name="search" time="10.739" classname="com.qa.seachmodule.tests.SearchTest"/>
  <testcase name="search" time="10.058" classname="com.qa.seachmodule.tests.SearchTest"/>
  <testcase name="search" time="9.986" classname="com.qa.seachmodule.tests.SearchTest"/>
</testsuite> <!-- com.qa.seachmodule.tests.SearchTest -->
